TN:
SF:../../node_modules/@openzeppelin/contracts/access/Ownable.sol
DA:38,172
FN:38,Ownable.constructor
FNDA:172,Ownable.constructor
DA:39,172
BRDA:39,0,0,-
DA:40,0
DA:42,172
DA:48,57
FN:48,Ownable.onlyOwner
FNDA:57,Ownable.onlyOwner
DA:49,0
DA:56,299
FN:56,Ownable.owner
FNDA:299,Ownable.owner
DA:57,299
DA:63,298
FN:63,Ownable._checkOwner
FNDA:298,Ownable._checkOwner
DA:64,298
BRDA:64,1,0,1
DA:65,1
DA:76,0
FN:76,Ownable.renounceOwnership
FNDA:0,Ownable.renounceOwnership
DA:77,0
DA:84,1
FN:84,Ownable.transferOwnership
FNDA:1,Ownable.transferOwnership
DA:85,1
BRDA:85,2,0,-
DA:86,0
DA:88,1
DA:95,173
FN:95,Ownable._transferOwnership
FNDA:173,Ownable._transferOwnership
DA:96,173
DA:97,173
DA:98,173
FNF:7
FNH:6
LF:21
LH:16
BRF:3
BRH:1
end_of_record
TN:
SF:../../node_modules/@openzeppelin/contracts/token/ERC20/ERC20.sol
DA:44,55
FN:44,ERC20.constructor
FNDA:55,ERC20.constructor
DA:45,55
DA:46,55
DA:52,0
FN:52,ERC20.name
FNDA:0,ERC20.name
DA:53,0
DA:60,0
FN:60,ERC20.symbol
FNDA:0,ERC20.symbol
DA:61,0
DA:77,0
FN:77,ERC20.decimals
FNDA:0,ERC20.decimals
DA:78,0
DA:82,0
FN:82,ERC20.totalSupply
FNDA:0,ERC20.totalSupply
DA:83,0
DA:87,15
FN:87,ERC20.balanceOf
FNDA:15,ERC20.balanceOf
DA:88,15
DA:99,0
FN:99,ERC20.transfer
FNDA:0,ERC20.transfer
DA:100,0
DA:101,0
DA:102,0
DA:106,0
FN:106,ERC20.allowance
FNDA:0,ERC20.allowance
DA:107,0
DA:120,0
FN:120,ERC20.approve
FNDA:0,ERC20.approve
DA:121,0
DA:122,0
DA:123,0
DA:142,0
FN:142,ERC20.transferFrom
FNDA:0,ERC20.transferFrom
DA:143,0
DA:144,0
DA:145,0
DA:146,0
DA:159,0
FN:159,ERC20._transfer
FNDA:0,ERC20._transfer
DA:160,0
BRDA:160,0,0,-
DA:161,0
DA:163,0
BRDA:163,1,0,-
DA:164,0
DA:166,0
DA:176,18
FN:176,ERC20._update
FNDA:18,ERC20._update
DA:177,18
BRDA:177,2,0,18
BRDA:177,2,1,-
DA:179,18
DA:181,0
DA:182,0
BRDA:182,3,0,-
DA:183,0
DA:187,0
DA:191,18
BRDA:191,4,0,-
BRDA:191,4,1,18
DA:194,0
DA:199,18
DA:203,18
DA:214,18
FN:214,ERC20._mint
FNDA:18,ERC20._mint
DA:215,18
BRDA:215,5,0,-
DA:216,0
DA:218,18
DA:229,0
FN:229,ERC20._burn
FNDA:0,ERC20._burn
DA:230,0
BRDA:230,6,0,-
DA:231,0
DA:233,0
DA:251,0
FN:251,ERC20._approve
FNDA:0,ERC20._approve
DA:252,0
DA:273,0
FN:273,ERC20._approve
FNDA:0,ERC20._approve
DA:274,0
BRDA:274,7,0,-
DA:275,0
DA:277,0
BRDA:277,8,0,-
DA:278,0
DA:280,0
DA:281,0
BRDA:281,9,0,-
DA:282,0
DA:294,0
FN:294,ERC20._spendAllowance
FNDA:0,ERC20._spendAllowance
DA:295,0
DA:296,0
BRDA:296,10,0,-
DA:297,0
BRDA:297,11,0,-
DA:298,0
DA:301,0
FNF:17
FNH:4
LF:69
LH:14
BRF:14
BRH:2
end_of_record
TN:
SF:../../node_modules/@openzeppelin/contracts/token/ERC20/utils/SafeERC20.sol
DA:33,0
FN:33,SafeERC20.safeTransfer
FNDA:0,SafeERC20.safeTransfer
DA:34,0
BRDA:34,0,0,-
DA:35,0
DA:43,0
FN:43,SafeERC20.safeTransferFrom
FNDA:0,SafeERC20.safeTransferFrom
DA:44,0
BRDA:44,1,0,-
DA:45,0
DA:52,0
FN:52,SafeERC20.trySafeTransfer
FNDA:0,SafeERC20.trySafeTransfer
DA:53,0
DA:59,0
FN:59,SafeERC20.trySafeTransferFrom
FNDA:0,SafeERC20.trySafeTransferFrom
DA:60,0
DA:72,0
FN:72,SafeERC20.safeIncreaseAllowance
FNDA:0,SafeERC20.safeIncreaseAllowance
DA:73,0
DA:74,0
DA:86,0
FN:86,SafeERC20.safeDecreaseAllowance
FNDA:0,SafeERC20.safeDecreaseAllowance
DA:88,0
DA:89,0
BRDA:89,2,0,-
DA:90,0
DA:92,0
DA:105,0
FN:105,SafeERC20.forceApprove
FNDA:0,SafeERC20.forceApprove
DA:106,0
BRDA:106,3,0,-
DA:107,0
BRDA:107,4,0,-
DA:108,0
BRDA:108,5,0,-
DA:119,0
FN:119,SafeERC20.transferAndCallRelaxed
FNDA:0,SafeERC20.transferAndCallRelaxed
DA:120,0
BRDA:120,6,0,-
BRDA:120,6,1,-
DA:121,0
DA:122,0
BRDA:122,7,0,-
DA:123,0
DA:134,0
FN:134,SafeERC20.transferFromAndCallRelaxed
FNDA:0,SafeERC20.transferFromAndCallRelaxed
DA:141,0
BRDA:141,8,0,-
BRDA:141,8,1,-
DA:142,0
DA:143,0
BRDA:143,9,0,-
DA:144,0
DA:159,0
FN:159,SafeERC20.approveAndCallRelaxed
FNDA:0,SafeERC20.approveAndCallRelaxed
DA:160,0
BRDA:160,10,0,-
BRDA:160,10,1,-
DA:161,0
DA:162,0
BRDA:162,11,0,-
DA:163,0
DA:176,0
FN:176,SafeERC20._safeTransfer
FNDA:0,SafeERC20._safeTransfer
DA:177,0
DA:180,0
DA:181,0
DA:182,0
DA:183,0
DA:184,0
DA:187,0
BRDA:187,12,0,-
DA:189,0
BRDA:189,13,0,-
DA:190,0
DA:191,0
DA:196,0
DA:198,0
DA:212,0
FN:212,SafeERC20._safeTransferFrom
FNDA:0,SafeERC20._safeTransferFrom
DA:219,0
DA:222,0
DA:223,0
DA:224,0
DA:225,0
DA:226,0
DA:227,0
DA:230,0
BRDA:230,14,0,-
DA:232,0
BRDA:232,15,0,-
DA:233,0
DA:234,0
DA:239,0
DA:241,0
DA:242,0
DA:255,0
FN:255,SafeERC20._safeApprove
FNDA:0,SafeERC20._safeApprove
DA:256,0
DA:259,0
DA:260,0
DA:261,0
DA:262,0
DA:263,0
DA:266,0
BRDA:266,16,0,-
DA:268,0
BRDA:268,17,0,-
DA:269,0
DA:270,0
DA:275,0
DA:277,0
FNF:13
FNH:0
LF:78
LH:0
BRF:21
BRH:0
end_of_record
TN:
SF:../../node_modules/@openzeppelin/contracts/utils/Pausable.sol
DA:47,0
FN:47,Pausable.whenNotPaused
FNDA:0,Pausable.whenNotPaused
DA:48,0
DA:59,0
FN:59,Pausable.whenPaused
FNDA:0,Pausable.whenPaused
DA:60,0
DA:67,0
FN:67,Pausable.paused
FNDA:0,Pausable.paused
DA:68,0
DA:74,0
FN:74,Pausable._requireNotPaused
FNDA:0,Pausable._requireNotPaused
DA:75,0
BRDA:75,0,0,-
DA:76,0
DA:83,0
FN:83,Pausable._requirePaused
FNDA:0,Pausable._requirePaused
DA:84,0
BRDA:84,1,0,-
DA:85,0
DA:96,0
FN:96,Pausable._pause
FNDA:0,Pausable._pause
DA:97,0
DA:98,0
DA:108,0
FN:108,Pausable._unpause
FNDA:0,Pausable._unpause
DA:109,0
DA:110,0
FNF:7
FNH:0
LF:18
LH:0
BRF:2
BRH:0
end_of_record
TN:
SF:../../node_modules/@openzeppelin/contracts/utils/ReentrancyGuard.sol
DA:58,59
FN:58,ReentrancyGuard.constructor
FNDA:59,ReentrancyGuard.constructor
DA:59,59
DA:69,21
FN:69,ReentrancyGuard.nonReentrant
FNDA:21,ReentrancyGuard.nonReentrant
DA:70,0
DA:72,0
DA:83,0
FN:83,ReentrancyGuard.nonReentrantView
FNDA:0,ReentrancyGuard.nonReentrantView
DA:84,0
DA:88,24
FN:88,ReentrancyGuard._nonReentrantBeforeView
FNDA:24,ReentrancyGuard._nonReentrantBeforeView
DA:89,24
BRDA:89,0,0,-
DA:90,0
DA:94,24
FN:94,ReentrancyGuard._nonReentrantBefore
FNDA:24,ReentrancyGuard._nonReentrantBefore
DA:96,0
DA:99,24
DA:102,19
FN:102,ReentrancyGuard._nonReentrantAfter
FNDA:19,ReentrancyGuard._nonReentrantAfter
DA:105,19
DA:112,24
FN:112,ReentrancyGuard._reentrancyGuardEntered
FNDA:24,ReentrancyGuard._reentrancyGuardEntered
DA:113,24
DA:116,126
FN:116,ReentrancyGuard._reentrancyGuardStorageSlot
FNDA:126,ReentrancyGuard._reentrancyGuardStorageSlot
DA:117,126
FNF:8
FNH:7
LF:19
LH:13
BRF:1
BRH:0
end_of_record
TN:
SF:../../node_modules/@openzeppelin/contracts/utils/cryptography/ECDSA.sol
DA:61,0
FN:61,ECDSA.tryRecover
FNDA:0,ECDSA.tryRecover
DA:65,0
BRDA:65,0,0,-
BRDA:65,0,1,-
DA:66,0
DA:67,0
DA:68,0
DA:72,0
DA:73,0
DA:74,0
DA:76,0
DA:78,0
DA:85,0
FN:85,ECDSA.tryRecoverCalldata
FNDA:0,ECDSA.tryRecoverCalldata
DA:89,0
BRDA:89,1,0,-
BRDA:89,1,1,-
DA:90,0
DA:91,0
DA:92,0
DA:96,0
DA:97,0
DA:98,0
DA:100,0
DA:102,0
DA:124,0
FN:124,ECDSA.recover
FNDA:0,ECDSA.recover
DA:125,0
DA:126,0
DA:127,0
DA:133,0
FN:133,ECDSA.recoverCalldata
FNDA:0,ECDSA.recoverCalldata
DA:134,0
DA:135,0
DA:136,0
DA:144,0
FN:144,ECDSA.tryRecover
FNDA:0,ECDSA.tryRecover
DA:150,0
DA:152,0
DA:153,0
DA:160,0
FN:160,ECDSA.recover
FNDA:0,ECDSA.recover
DA:161,0
DA:162,0
DA:163,0
DA:170,0
FN:170,ECDSA.tryRecover
FNDA:0,ECDSA.tryRecover
DA:185,0
BRDA:185,2,0,-
DA:186,0
DA:190,0
DA:191,0
BRDA:191,3,0,-
DA:192,0
DA:195,0
DA:202,0
FN:202,ECDSA.recover
FNDA:0,ECDSA.recover
DA:203,0
DA:204,0
DA:205,0
DA:217,0
FN:217,ECDSA.parse
FNDA:0,ECDSA.parse
DA:222,0
DA:223,0
DA:224,0
DA:225,0
DA:228,0
DA:229,0
DA:230,0
DA:231,0
DA:232,0
DA:234,0
DA:235,0
DA:236,0
DA:237,0
DA:245,0
FN:245,ECDSA.parseCalldata
FNDA:0,ECDSA.parseCalldata
DA:250,0
DA:251,0
DA:252,0
DA:253,0
DA:256,0
DA:257,0
DA:258,0
DA:259,0
DA:260,0
DA:262,0
DA:263,0
DA:264,0
DA:265,0
DA:273,0
FN:273,ECDSA._throwError
FNDA:0,ECDSA._throwError
DA:274,0
BRDA:274,4,0,-
BRDA:274,4,1,-
DA:275,0
DA:276,0
BRDA:276,5,0,-
BRDA:276,5,1,-
DA:277,0
DA:278,0
BRDA:278,6,0,-
BRDA:278,6,1,-
DA:279,0
DA:280,0
BRDA:280,7,0,-
DA:281,0
FNF:11
FNH:0
LF:84
LH:0
BRF:13
BRH:0
end_of_record
TN:
SF:../../node_modules/@openzeppelin/contracts/utils/cryptography/EIP712.sol
DA:68,0
FN:68,EIP712.constructor
FNDA:0,EIP712.constructor
DA:69,0
DA:70,0
DA:71,0
DA:72,0
DA:74,0
DA:75,0
DA:76,0
DA:82,0
FN:82,EIP712._domainSeparatorV4
FNDA:0,EIP712._domainSeparatorV4
DA:83,0
BRDA:83,0,0,-
BRDA:83,0,1,-
DA:84,0
DA:86,0
DA:90,0
FN:90,EIP712._buildDomainSeparator
FNDA:0,EIP712._buildDomainSeparator
DA:91,0
DA:109,0
FN:109,EIP712._hashTypedDataV4
FNDA:0,EIP712._hashTypedDataV4
DA:110,0
DA:114,0
FN:114,EIP712.eip712Domain
FNDA:0,EIP712.eip712Domain
DA:128,0
DA:146,0
FN:146,EIP712._EIP712Name
FNDA:0,EIP712._EIP712Name
DA:147,0
DA:157,0
FN:157,EIP712._EIP712Version
FNDA:0,EIP712._EIP712Version
DA:158,0
FNF:7
FNH:0
LF:22
LH:0
BRF:2
BRH:0
end_of_record
TN:
SF:ANTSToken.sol
DA:20,55
FN:20,ANTSToken.constructor
FNDA:55,ANTSToken.constructor
DA:21,55
DA:24,55
FN:24,ANTSToken.setRegistry
FNDA:55,ANTSToken.setRegistry
DA:25,55
BRDA:25,0,0,-
DA:26,55
DA:30,18
FN:30,ANTSToken.mint
FNDA:18,ANTSToken.mint
DA:31,18
BRDA:31,1,0,-
DA:32,18
BRDA:32,2,0,-
DA:33,18
DA:37,0
FN:37,ANTSToken.enableTransfers
FNDA:0,ANTSToken.enableTransfers
DA:38,0
BRDA:38,3,0,-
DA:39,0
DA:40,0
DA:45,18
FN:45,ANTSToken._update
FNDA:18,ANTSToken._update
DA:47,18
BRDA:47,4,0,-
DA:48,18
FNF:5
FNH:4
LF:16
LH:12
BRF:5
BRH:0
end_of_record
TN:
SF:AntseedChannels.sol
DA:125,0
FN:125,AntseedChannels.constructor
FNDA:0,AntseedChannels.constructor
DA:129,0
BRDA:129,0,0,-
DA:130,0
DA:134,0
FN:134,AntseedChannels.domainSeparator
FNDA:0,AntseedChannels.domainSeparator
DA:135,0
DA:139,0
FN:139,AntseedChannels.computeChannelId
FNDA:0,AntseedChannels.computeChannelId
DA:144,0
DA:147,0
FN:147,AntseedChannels.getAgentStats
FNDA:0,AntseedChannels.getAgentStats
DA:148,0
DA:165,0
FN:165,AntseedChannels.reserve
FNDA:0,AntseedChannels.reserve
DA:172,0
BRDA:172,1,0,-
DA:173,0
BRDA:173,2,0,-
DA:174,0
BRDA:174,3,0,-
DA:176,0
DA:178,0
BRDA:178,4,0,-
DA:179,0
BRDA:179,5,0,-
DA:182,0
DA:185,0
DA:187,0
DA:199,0
DA:200,0
DA:224,0
FN:224,AntseedChannels.topUp
FNDA:0,AntseedChannels.topUp
DA:230,0
DA:231,0
BRDA:231,6,0,-
DA:232,0
BRDA:232,7,0,-
DA:233,0
BRDA:233,8,0,-
DA:234,0
BRDA:234,9,0,-
DA:237,0
DA:238,0
BRDA:238,10,0,-
DA:241,0
DA:244,0
DA:245,0
DA:248,0
DA:249,0
DA:251,0
DA:268,0
FN:268,AntseedChannels.settle
FNDA:0,AntseedChannels.settle
DA:274,0
DA:275,0
BRDA:275,11,0,-
DA:276,0
BRDA:276,12,0,-
DA:277,0
BRDA:277,13,0,-
DA:278,0
BRDA:278,14,0,-
DA:280,0
DA:281,0
DA:283,0
DA:284,0
DA:286,0
DA:287,0
DA:288,0
DA:290,0
DA:291,0
DA:293,0
DA:309,0
FN:309,AntseedChannels.close
FNDA:0,AntseedChannels.close
DA:315,0
DA:316,0
BRDA:316,15,0,-
DA:317,0
BRDA:317,16,0,-
DA:318,0
BRDA:318,17,0,-
DA:319,0
BRDA:319,18,0,-
DA:321,0
DA:322,0
DA:324,0
DA:326,0
DA:327,0
DA:329,0
DA:330,0
DA:331,0
DA:332,0
DA:333,0
DA:335,0
DA:336,0
DA:338,0
DA:351,0
FN:351,AntseedChannels.requestClose
FNDA:0,AntseedChannels.requestClose
DA:352,0
DA:353,0
BRDA:353,19,0,-
DA:354,0
DA:355,0
BRDA:355,20,0,-
DA:357,0
DA:358,0
DA:366,0
FN:366,AntseedChannels.withdraw
FNDA:0,AntseedChannels.withdraw
DA:367,0
DA:368,0
BRDA:368,21,0,-
DA:369,0
DA:370,0
BRDA:370,22,0,-
DA:371,0
BRDA:371,23,0,-
DA:374,0
DA:375,0
BRDA:375,24,0,-
DA:376,0
DA:379,0
DA:380,0
DA:382,0
DA:384,0
DA:391,0
FN:391,AntseedChannels.requestCloseAll
FNDA:0,AntseedChannels.requestCloseAll
DA:392,0
DA:393,0
DA:394,0
DA:395,0
DA:396,0
DA:397,0
DA:398,0
DA:399,0
DA:407,0
FN:407,AntseedChannels.withdrawAll
FNDA:0,AntseedChannels.withdrawAll
DA:408,0
DA:409,0
DA:410,0
DA:411,0
DA:412,0
DA:413,0
DA:414,0
DA:416,0
DA:417,0
BRDA:417,32,0,-
DA:418,0
DA:421,0
DA:422,0
DA:424,0
DA:426,0
DA:444,0
FN:444,AntseedChannels.setOperator
FNDA:0,AntseedChannels.setOperator
DA:450,0
BRDA:450,33,0,-
DA:451,0
DA:452,0
BRDA:452,34,0,-
DA:453,0
DA:454,0
BRDA:454,35,0,-
DA:456,0
DA:459,0
DA:460,0
DA:461,0
BRDA:461,36,0,-
DA:463,0
DA:465,0
DA:472,0
FN:472,AntseedChannels.transferOperator
FNDA:0,AntseedChannels.transferOperator
DA:476,0
BRDA:476,37,0,-
DA:478,0
DA:480,0
DA:484,0
FN:484,AntseedChannels._requireOperator
FNDA:0,AntseedChannels._requireOperator
DA:485,0
BRDA:485,38,0,-
DA:498,0
FN:498,AntseedChannels._chargeAndSettle
FNDA:0,AntseedChannels._chargeAndSettle
DA:503,0
BRDA:503,39,0,-
DA:505,0
DA:506,0
DA:508,0
DA:510,0
DA:511,0
DA:512,0
BRDA:512,41,0,-
DA:514,0
DA:524,0
FN:524,AntseedChannels._emitChannelMetrics
FNDA:0,AntseedChannels._emitChannelMetrics
DA:530,0
DA:531,0
BRDA:531,42,0,-
DA:532,0
DA:536,0
FN:536,AntseedChannels._recordCloseStats
FNDA:0,AntseedChannels._recordCloseStats
DA:542,0
DA:543,0
DA:545,0
DA:546,0
DA:547,0
DA:548,0
DA:550,0
DA:553,0
FN:553,AntseedChannels._recordWithdrawStats
FNDA:0,AntseedChannels._recordWithdrawStats
DA:554,0
DA:555,0
DA:557,0
DA:558,0
BRDA:558,45,0,-
BRDA:558,45,1,-
DA:560,0
DA:563,0
DA:564,0
DA:565,0
DA:569,0
FN:569,AntseedChannels._recordEmissions
FNDA:0,AntseedChannels._recordEmissions
DA:570,0
DA:571,0
BRDA:571,46,0,-
DA:572,0
DA:573,0
DA:577,0
FN:577,AntseedChannels._verifyReserveAuth
FNDA:0,AntseedChannels._verifyReserveAuth
DA:584,0
DA:592,0
DA:593,0
DA:594,0
BRDA:594,47,0,-
DA:597,0
FN:597,AntseedChannels._verifySpendingAuth
FNDA:0,AntseedChannels._verifySpendingAuth
DA:604,0
DA:612,0
DA:613,0
DA:614,0
BRDA:614,48,0,-
DA:621,0
FN:621,AntseedChannels.setRegistry
FNDA:0,AntseedChannels.setRegistry
DA:622,0
BRDA:622,49,0,-
DA:623,0
DA:626,0
FN:626,AntseedChannels.setFirstSignCap
FNDA:0,AntseedChannels.setFirstSignCap
DA:627,0
DA:630,0
FN:630,AntseedChannels.setPlatformFeeBps
FNDA:0,AntseedChannels.setPlatformFeeBps
DA:631,0
BRDA:631,50,0,-
DA:632,0
DA:635,0
FN:635,AntseedChannels.setTopUpSettledThresholdBps
FNDA:0,AntseedChannels.setTopUpSettledThresholdBps
DA:636,0
BRDA:636,51,0,-
DA:637,0
DA:640,0
FN:640,AntseedChannels.pause
FNDA:0,AntseedChannels.pause
DA:641,0
DA:644,0
FN:644,AntseedChannels.unpause
FNDA:0,AntseedChannels.unpause
DA:645,0
FNF:28
FNH:0
LF:192
LH:0
BRF:43
BRH:0
end_of_record
TN:
SF:AntseedDeposits.sol
DA:61,0
FN:61,AntseedDeposits.onlyChannels
FNDA:0,AntseedDeposits.onlyChannels
DA:62,0
BRDA:62,0,0,-
DA:67,0
FN:67,AntseedDeposits._isOperator
FNDA:0,AntseedDeposits._isOperator
DA:68,0
DA:72,0
FN:72,AntseedDeposits.constructor
FNDA:0,AntseedDeposits.constructor
DA:73,0
BRDA:73,1,0,-
DA:74,0
DA:81,0
FN:81,AntseedDeposits.getBuyerCreditLimit
FNDA:0,AntseedDeposits.getBuyerCreditLimit
DA:82,0
DA:84,0
DA:85,0
DA:86,0
DA:87,0
BRDA:87,3,0,-
DA:88,0
DA:91,0
DA:92,0
DA:93,0
DA:95,0
BRDA:95,4,0,-
DA:96,0
DA:99,0
FN:99,AntseedDeposits.deposit
FNDA:0,AntseedDeposits.deposit
DA:100,0
BRDA:100,5,0,-
DA:102,0
DA:103,0
BRDA:103,6,0,-
DA:105,0
DA:106,0
BRDA:106,7,0,-
DA:108,0
DA:109,0
DA:110,0
DA:112,0
DA:115,0
FN:115,AntseedDeposits.depositFor
FNDA:0,AntseedDeposits.depositFor
DA:116,0
BRDA:116,8,0,-
DA:117,0
DA:118,0
BRDA:118,9,0,-
DA:119,0
BRDA:119,10,0,-
DA:121,0
DA:122,0
DA:123,0
DA:125,0
DA:132,0
FN:132,AntseedDeposits.withdraw
FNDA:0,AntseedDeposits.withdraw
DA:133,0
BRDA:133,11,0,-
DA:134,0
BRDA:134,12,0,-
DA:135,0
DA:136,0
DA:137,0
BRDA:137,13,0,-
DA:139,0
DA:140,0
DA:142,0
DA:145,0
FN:145,AntseedDeposits.getBuyerBalance
FNDA:0,AntseedDeposits.getBuyerBalance
DA:150,0
DA:151,0
DA:152,0
DA:153,0
DA:160,0
FN:160,AntseedDeposits.claimPayouts
FNDA:0,AntseedDeposits.claimPayouts
DA:161,0
DA:162,0
BRDA:162,14,0,-
DA:164,0
DA:165,0
DA:167,0
DA:170,0
FN:170,AntseedDeposits.getSellerPayouts
FNDA:0,AntseedDeposits.getSellerPayouts
DA:171,0
DA:178,0
FN:178,AntseedDeposits.lockForChannel
FNDA:0,AntseedDeposits.lockForChannel
DA:179,0
DA:180,0
DA:181,0
BRDA:181,15,0,-
DA:182,0
DA:183,0
DA:184,0
BRDA:184,16,0,-
DA:185,0
DA:189,0
FN:189,AntseedDeposits.chargeAndCreditPayouts
FNDA:0,AntseedDeposits.chargeAndCreditPayouts
DA:197,0
BRDA:197,17,0,-
DA:198,0
BRDA:198,18,0,-
DA:200,0
DA:201,0
DA:202,0
DA:203,0
DA:205,0
DA:206,0
DA:209,0
BRDA:209,19,0,-
DA:210,0
DA:211,0
DA:214,0
BRDA:214,20,0,-
DA:215,0
DA:219,0
FN:219,AntseedDeposits.releaseLock
FNDA:0,AntseedDeposits.releaseLock
DA:220,0
DA:224,0
FN:224,AntseedDeposits.setOperatorFor
FNDA:0,AntseedDeposits.setOperatorFor
DA:225,0
DA:226,0
DA:227,0
DA:234,0
FN:234,AntseedDeposits.getOperator
FNDA:0,AntseedDeposits.getOperator
DA:235,0
DA:238,0
FN:238,AntseedDeposits.getOperatorNonce
FNDA:0,AntseedDeposits.getOperatorNonce
DA:239,0
DA:246,0
FN:246,AntseedDeposits.setRegistry
FNDA:0,AntseedDeposits.setRegistry
DA:247,0
BRDA:247,21,0,-
DA:248,0
DA:251,0
FN:251,AntseedDeposits.setCreditLimitOverride
FNDA:0,AntseedDeposits.setCreditLimitOverride
DA:252,0
DA:255,0
FN:255,AntseedDeposits.setMinBuyerDeposit
FNDA:0,AntseedDeposits.setMinBuyerDeposit
DA:256,0
DA:261,0
FN:261,AntseedDeposits.setBaseCreditLimit
FNDA:0,AntseedDeposits.setBaseCreditLimit
DA:262,0
DA:265,0
FN:265,AntseedDeposits.setPeerInteractionBonus
FNDA:0,AntseedDeposits.setPeerInteractionBonus
DA:266,0
DA:269,0
FN:269,AntseedDeposits.setTimeBonus
FNDA:0,AntseedDeposits.setTimeBonus
DA:270,0
DA:273,0
FN:273,AntseedDeposits.setMaxCreditLimit
FNDA:0,AntseedDeposits.setMaxCreditLimit
DA:274,0
FNF:23
FNH:0
LF:107
LH:0
BRF:21
BRH:0
end_of_record
TN:
SF:AntseedEmissions.sol
DA:82,8
FN:82,AntseedEmissions.onlyChannels
FNDA:8,AntseedEmissions.onlyChannels
DA:83,8
BRDA:83,0,0,1
DA:88,59
FN:88,AntseedEmissions.constructor
FNDA:59,AntseedEmissions.constructor
DA:92,59
BRDA:92,1,0,1
DA:93,58
BRDA:93,2,0,1
DA:94,57
BRDA:94,3,0,1
DA:96,56
DA:97,56
DA:98,56
DA:99,56
DA:100,56
DA:101,56
DA:102,56
DA:103,56
DA:105,56
DA:116,28
FN:116,AntseedEmissions.advanceEpoch
FNDA:28,AntseedEmissions.advanceEpoch
DA:117,28
BRDA:117,4,0,1
DA:118,0
DA:125,93
FN:125,AntseedEmissions._tryAdvanceEpoch
FNDA:93,AntseedEmissions._tryAdvanceEpoch
DA:126,93
DA:127,93
DA:128,93
DA:130,32
DA:131,32
DA:132,208
DA:133,176
DA:134,176
DA:135,176
DA:136,176
DA:138,32
DA:139,32
DA:141,32
DA:148,176
FN:148,AntseedEmissions._finalizeEpoch
FNDA:176,AntseedEmissions._finalizeEpoch
DA:149,176
DA:150,176
DA:151,176
DA:153,176
DA:155,176
BRDA:155,6,0,155
BRDA:155,6,1,21
DA:156,155
DA:158,21
DA:159,21
DA:162,176
BRDA:162,7,0,171
BRDA:162,7,1,5
DA:163,171
DA:165,5
DA:166,5
DA:170,213
FN:170,AntseedEmissions._calcEpochEmission
FNDA:213,AntseedEmissions._calcEpochEmission
DA:171,213
DA:178,35
FN:178,AntseedEmissions.accrueSellerPoints
FNDA:35,AntseedEmissions.accrueSellerPoints
DA:179,0
DA:180,35
DA:181,35
DA:182,35
DA:185,7
FN:185,AntseedEmissions.accrueBuyerPoints
FNDA:7,AntseedEmissions.accrueBuyerPoints
DA:186,0
DA:187,7
DA:188,7
DA:189,7
DA:202,21
FN:202,AntseedEmissions.claimEmissions
FNDA:21,AntseedEmissions.claimEmissions
DA:203,0
DA:205,21
DA:206,21
DA:207,21
DA:209,21
DA:210,23
DA:211,23
BRDA:211,8,0,2
DA:212,1
BRDA:212,9,0,1
DA:213,20
DA:215,18
DA:217,18
DA:218,18
DA:220,18
DA:221,18
DA:224,18
BRDA:224,11,0,17
DA:225,17
DA:226,17
DA:233,5
FN:233,AntseedEmissions.pendingEmissions
FNDA:5,AntseedEmissions.pendingEmissions
DA:237,5
DA:238,5
DA:240,5
DA:241,5
DA:242,5
DA:245,3
DA:246,3
DA:248,3
DA:249,3
DA:257,21
FN:257,AntseedEmissions._calcEpochReward
FNDA:21,AntseedEmissions._calcEpochReward
DA:262,21
DA:263,21
DA:264,21
BRDA:264,14,0,16
DA:265,16
DA:266,16
DA:268,16
DA:269,16
BRDA:269,15,0,15
DA:270,15
DA:271,15
DA:275,21
DA:276,21
DA:277,21
BRDA:277,16,0,7
DA:278,7
DA:286,3
FN:286,AntseedEmissions.flushReserve
FNDA:3,AntseedEmissions.flushReserve
DA:287,3
DA:288,3
BRDA:288,17,0,1
DA:289,2
DA:290,2
BRDA:290,18,0,1
DA:291,1
DA:292,1
DA:293,1
DA:300,3
FN:300,AntseedEmissions.currentEmissionRate
FNDA:3,AntseedEmissions.currentEmissionRate
DA:301,3
DA:304,2
FN:304,AntseedEmissions.getEpochEmission
FNDA:2,AntseedEmissions.getEpochEmission
DA:305,2
DA:312,3
FN:312,AntseedEmissions.setRegistry
FNDA:3,AntseedEmissions.setRegistry
DA:313,3
BRDA:313,19,0,1
DA:314,2
DA:317,2
FN:317,AntseedEmissions.setSharePercentages
FNDA:2,AntseedEmissions.setSharePercentages
DA:318,2
BRDA:318,20,0,1
DA:319,0
DA:320,1
DA:321,1
DA:322,1
DA:325,3
FN:325,AntseedEmissions.setMaxSellerSharePct
FNDA:3,AntseedEmissions.setMaxSellerSharePct
DA:326,3
BRDA:326,21,0,2
DA:327,1
DA:330,2
FN:330,AntseedEmissions.setEpochDuration
FNDA:2,AntseedEmissions.setEpochDuration
DA:331,2
BRDA:331,22,0,1
DA:332,0
DA:333,1
DA:336,2
FN:336,AntseedEmissions.setHalvingInterval
FNDA:2,AntseedEmissions.setHalvingInterval
DA:337,2
BRDA:337,23,0,1
DA:338,0
DA:339,1
FNF:19
FNH:19
LF:131
LH:124
BRF:22
BRH:22
end_of_record
TN:
SF:AntseedRegistry.sol
DA:30,58
FN:30,AntseedRegistry.setChannels
FNDA:58,AntseedRegistry.setChannels
DA:31,58
BRDA:31,0,0,-
DA:32,58
DA:33,58
DA:36,0
FN:36,AntseedRegistry.setDeposits
FNDA:0,AntseedRegistry.setDeposits
DA:37,0
BRDA:37,1,0,-
DA:38,0
DA:39,0
DA:42,0
FN:42,AntseedRegistry.setStaking
FNDA:0,AntseedRegistry.setStaking
DA:43,0
BRDA:43,2,0,-
DA:44,0
DA:45,0
DA:48,0
FN:48,AntseedRegistry.setStats
FNDA:0,AntseedRegistry.setStats
DA:49,0
BRDA:49,3,0,-
DA:50,0
DA:51,0
DA:54,55
FN:54,AntseedRegistry.setEmissions
FNDA:55,AntseedRegistry.setEmissions
DA:55,55
BRDA:55,4,0,-
DA:56,55
DA:57,55
DA:60,58
FN:60,AntseedRegistry.setAntsToken
FNDA:58,AntseedRegistry.setAntsToken
DA:61,58
BRDA:61,5,0,-
DA:62,58
DA:63,58
DA:66,0
FN:66,AntseedRegistry.setIdentityRegistry
FNDA:0,AntseedRegistry.setIdentityRegistry
DA:67,0
BRDA:67,6,0,-
DA:68,0
DA:69,0
DA:72,55
FN:72,AntseedRegistry.setProtocolReserve
FNDA:55,AntseedRegistry.setProtocolReserve
DA:73,55
BRDA:73,7,0,-
DA:74,55
DA:75,55
FNF:8
FNH:4
LF:32
LH:16
BRF:8
BRH:0
end_of_record
TN:
SF:AntseedStaking.sol
DA:55,0
FN:55,AntseedStaking.constructor
FNDA:0,AntseedStaking.constructor
DA:56,0
BRDA:56,0,0,-
DA:57,0
DA:58,0
DA:65,0
FN:65,AntseedStaking.stake
FNDA:0,AntseedStaking.stake
DA:66,0
DA:69,0
FN:69,AntseedStaking.stakeFor
FNDA:0,AntseedStaking.stakeFor
DA:70,0
DA:73,0
FN:73,AntseedStaking._stakeFor
FNDA:0,AntseedStaking._stakeFor
DA:74,0
BRDA:74,1,0,-
DA:75,0
BRDA:75,2,0,-
DA:76,0
BRDA:76,3,0,-
DA:77,0
DA:78,0
BRDA:78,4,0,-
DA:80,0
DA:82,0
DA:83,0
DA:84,0
DA:85,0
DA:87,0
DA:90,0
FN:90,AntseedStaking.unstake
FNDA:0,AntseedStaking.unstake
DA:91,0
DA:92,0
BRDA:92,5,0,-
DA:93,0
BRDA:93,6,0,-
DA:95,0
DA:96,0
DA:98,0
DA:99,0
DA:100,0
DA:101,0
DA:103,0
BRDA:103,7,0,-
DA:104,0
DA:106,0
BRDA:106,8,0,-
DA:107,0
DA:108,0
BRDA:108,9,0,-
DA:109,0
DA:112,0
DA:116,0
FN:116,AntseedStaking.getStake
FNDA:0,AntseedStaking.getStake
DA:117,0
DA:120,0
FN:120,AntseedStaking.isStakedAboveMin
FNDA:0,AntseedStaking.isStakedAboveMin
DA:121,0
DA:124,0
FN:124,AntseedStaking.getSellerAccount
FNDA:0,AntseedStaking.getSellerAccount
DA:129,0
DA:130,0
DA:133,0
FN:133,AntseedStaking.getAgentId
FNDA:0,AntseedStaking.getAgentId
DA:134,0
DA:141,0
FN:141,AntseedStaking._calculateSlash
FNDA:0,AntseedStaking._calculateSlash
DA:142,0
DA:143,0
DA:144,0
DA:146,0
DA:147,0
DA:148,0
DA:151,0
DA:154,0
BRDA:154,12,0,-
DA:155,0
DA:156,0
DA:160,0
BRDA:160,14,0,-
DA:161,0
BRDA:161,15,0,-
DA:162,0
DA:167,0
DA:174,0
FN:174,AntseedStaking.setRegistry
FNDA:0,AntseedStaking.setRegistry
DA:175,0
BRDA:175,16,0,-
DA:176,0
DA:179,0
FN:179,AntseedStaking.setMinSellerStake
FNDA:0,AntseedStaking.setMinSellerStake
DA:180,0
DA:183,0
FN:183,AntseedStaking.setSlashRatioThreshold
FNDA:0,AntseedStaking.setSlashRatioThreshold
DA:184,0
DA:187,0
FN:187,AntseedStaking.setSlashGhostThreshold
FNDA:0,AntseedStaking.setSlashGhostThreshold
DA:188,0
DA:191,0
FN:191,AntseedStaking.setSlashInactivityDays
FNDA:0,AntseedStaking.setSlashInactivityDays
DA:192,0
BRDA:192,17,0,-
DA:193,0
FNF:15
FNH:0
LF:73
LH:0
BRF:15
BRH:0
end_of_record
TN:
SF:AntseedSubPool.sol
DA:89,0
FN:89,AntseedSubPool.constructor
FNDA:0,AntseedSubPool.constructor
DA:93,0
BRDA:93,0,0,-
DA:94,0
BRDA:94,1,0,-
DA:95,0
DA:96,0
DA:97,0
DA:98,0
DA:99,0
DA:106,0
FN:106,AntseedSubPool.setTier
FNDA:0,AntseedSubPool.setTier
DA:107,0
BRDA:107,2,0,-
DA:108,0
BRDA:108,3,0,-
DA:110,0
DA:112,0
BRDA:112,4,0,-
DA:113,0
DA:116,0
DA:119,0
FN:119,AntseedSubPool.deactivateTier
FNDA:0,AntseedSubPool.deactivateTier
DA:120,0
BRDA:120,5,0,-
DA:121,0
DA:124,0
FN:124,AntseedSubPool.getTier
FNDA:0,AntseedSubPool.getTier
DA:125,0
DA:126,0
DA:133,0
FN:133,AntseedSubPool.subscribe
FNDA:0,AntseedSubPool.subscribe
DA:134,0
DA:135,0
BRDA:135,6,0,-
DA:137,0
DA:138,0
BRDA:138,7,0,-
DA:140,0
DA:141,0
DA:143,0
DA:144,0
DA:145,0
DA:146,0
DA:147,0
DA:148,0
DA:150,0
DA:153,0
FN:153,AntseedSubPool.renewSubscription
FNDA:0,AntseedSubPool.renewSubscription
DA:154,0
DA:155,0
BRDA:155,8,0,-
DA:156,0
BRDA:156,9,0,-
DA:157,0
BRDA:157,10,0,-
DA:159,0
DA:160,0
BRDA:160,11,0,-
DA:162,0
DA:163,0
DA:165,0
DA:167,0
DA:170,0
FN:170,AntseedSubPool.cancelSubscription
FNDA:0,AntseedSubPool.cancelSubscription
DA:171,0
DA:172,0
BRDA:172,12,0,-
DA:173,0
DA:175,0
DA:178,0
FN:178,AntseedSubPool.isSubscriptionActive
FNDA:0,AntseedSubPool.isSubscriptionActive
DA:179,0
DA:182,0
FN:182,AntseedSubPool.getRemainingDailyBudget
FNDA:0,AntseedSubPool.getRemainingDailyBudget
DA:183,0
DA:184,0
DA:186,0
DA:187,0
DA:189,0
BRDA:189,14,0,-
DA:191,0
DA:194,0
DA:195,0
DA:198,0
FN:198,AntseedSubPool.recordTokenUsage
FNDA:0,AntseedSubPool.recordTokenUsage
DA:199,0
BRDA:199,16,0,-
DA:200,0
DA:201,0
BRDA:201,17,0,-
DA:203,0
DA:204,0
DA:207,0
BRDA:207,18,0,-
DA:208,0
DA:209,0
DA:212,0
BRDA:212,19,0,-
DA:214,0
DA:215,0
DA:222,0
FN:222,AntseedSubPool.optIn
FNDA:0,AntseedSubPool.optIn
DA:223,0
BRDA:223,20,0,-
DA:224,0
BRDA:224,21,0,-
DA:226,0
DA:233,0
DA:235,0
DA:236,0
DA:238,0
DA:239,0
DA:242,0
FN:242,AntseedSubPool.optOut
FNDA:0,AntseedSubPool.optOut
DA:243,0
DA:244,0
BRDA:244,22,0,-
DA:245,0
BRDA:245,23,0,-
DA:248,0
DA:249,0
DA:250,0
DA:251,0
BRDA:251,24,0,-
DA:252,0
DA:253,0
DA:254,0
DA:257,0
DA:260,0
DA:261,0
DA:262,0
BRDA:262,25,0,-
DA:263,0
DA:264,0
DA:265,0
DA:269,0
DA:272,0
FN:272,AntseedSubPool.getOptedInPeerCount
FNDA:0,AntseedSubPool.getOptedInPeerCount
DA:273,0
DA:287,0
FN:287,AntseedSubPool.distributeRevenue
FNDA:0,AntseedSubPool.distributeRevenue
DA:288,0
BRDA:288,26,0,-
DA:290,0
DA:291,0
DA:292,0
DA:294,0
BRDA:294,27,0,-
DA:296,0
DA:297,0
DA:298,0
DA:299,0
DA:302,0
BRDA:302,28,0,-
DA:304,0
DA:305,0
DA:308,0
DA:309,0
BRDA:309,29,0,-
DA:311,0
DA:312,0
DA:316,0
DA:318,0
DA:319,0
DA:320,0
DA:321,0
DA:324,0
BRDA:324,30,0,-
DA:325,0
DA:326,0
DA:331,0
BRDA:331,31,0,-
DA:332,0
DA:335,0
DA:338,0
DA:339,0
DA:342,0
FN:342,AntseedSubPool.claimRevenue
FNDA:0,AntseedSubPool.claimRevenue
DA:343,0
DA:344,0
BRDA:344,32,0,-
DA:347,0
DA:348,0
DA:349,0
DA:350,0
BRDA:350,33,0,-
DA:352,0
DA:353,0
DA:354,0
DA:356,0
DA:357,0
DA:360,0
FN:360,AntseedSubPool.getProjectedRevenue
FNDA:0,AntseedSubPool.getProjectedRevenue
DA:361,0
DA:362,0
DA:365,0
DA:366,0
DA:367,0
DA:370,0
DA:371,0
DA:372,0
DA:373,0
DA:374,0
DA:376,0
DA:377,0
DA:378,0
DA:379,0
DA:380,0
DA:383,0
DA:384,0
DA:391,0
FN:391,AntseedSubPool.setRegistry
FNDA:0,AntseedSubPool.setRegistry
DA:392,0
BRDA:392,37,0,-
DA:393,0
DA:396,0
FN:396,AntseedSubPool.setEpochDuration
FNDA:0,AntseedSubPool.setEpochDuration
DA:397,0
BRDA:397,38,0,-
DA:398,0
FNF:18
FNH:0
LF:170
LH:0
BRF:34
BRH:0
end_of_record
TN:
SF:MockERC8004Registry.sol
DA:21,0
FN:21,MockERC8004Registry.register
FNDA:0,MockERC8004Registry.register
DA:22,0
DA:23,0
DA:24,0
DA:25,0
DA:28,0
FN:28,MockERC8004Registry.register
FNDA:0,MockERC8004Registry.register
DA:29,0
DA:30,0
DA:31,0
DA:32,0
DA:35,0
FN:35,MockERC8004Registry.ownerOf
FNDA:0,MockERC8004Registry.ownerOf
DA:36,0
DA:37,0
BRDA:37,0,0,-
BRDA:37,0,1,-
DA:38,0
DA:41,0
FN:41,MockERC8004Registry.balanceOf
FNDA:0,MockERC8004Registry.balanceOf
DA:42,0
DA:45,0
FN:45,MockERC8004Registry.setMetadata
FNDA:0,MockERC8004Registry.setMetadata
DA:46,0
BRDA:46,1,0,-
BRDA:46,1,1,-
DA:47,0
DA:48,0
DA:51,0
FN:51,MockERC8004Registry.getMetadata
FNDA:0,MockERC8004Registry.getMetadata
DA:52,0
FNF:6
FNH:0
LF:22
LH:0
BRF:4
BRH:0
end_of_record
TN:
SF:MockUSDC.sol
DA:25,0
FN:25,MockUSDC.mint
FNDA:0,MockUSDC.mint
DA:26,0
BRDA:26,0,0,-
DA:27,0
DA:28,0
DA:29,0
DA:32,0
FN:32,MockUSDC.approve
FNDA:0,MockUSDC.approve
DA:33,0
DA:34,0
DA:35,0
DA:38,0
FN:38,MockUSDC.transfer
FNDA:0,MockUSDC.transfer
DA:39,0
DA:40,0
DA:43,0
FN:43,MockUSDC.transferFrom
FNDA:0,MockUSDC.transferFrom
DA:44,0
DA:45,0
BRDA:45,1,0,-
DA:47,0
BRDA:47,2,0,-
DA:48,0
DA:49,0
DA:52,0
DA:53,0
DA:56,0
FN:56,MockUSDC._transfer
FNDA:0,MockUSDC._transfer
DA:57,0
BRDA:57,3,0,-
DA:58,0
BRDA:58,4,0,-
DA:60,0
DA:61,0
DA:62,0
FNF:5
FNH:0
LF:26
LH:0
BRF:5
BRH:0
end_of_record
TN:
SF:script/Deploy.s.sol
DA:19,0
FN:19,Deploy.run
FNDA:0,Deploy.run
DA:20,0
DA:25,0
DA:28,0
DA:29,0
DA:31,0
DA:34,0
DA:35,0
DA:36,0
BRDA:36,0,0,-
BRDA:36,0,1,-
DA:37,0
DA:40,0
DA:41,0
DA:42,0
DA:43,0
BRDA:43,1,0,-
BRDA:43,1,1,-
DA:44,0
DA:47,0
DA:48,0
DA:49,0
BRDA:49,2,0,-
BRDA:49,2,1,-
DA:50,0
DA:53,0
DA:54,0
DA:57,0
DA:61,0
DA:62,0
DA:63,0
BRDA:63,3,0,-
BRDA:63,3,1,-
DA:64,0
DA:67,0
DA:71,0
DA:72,0
DA:73,0
BRDA:73,4,0,-
BRDA:73,4,1,-
DA:74,0
DA:77,0
DA:81,0
DA:82,0
DA:83,0
BRDA:83,5,0,-
BRDA:83,5,1,-
DA:84,0
DA:87,0
DA:91,0
DA:92,0
DA:93,0
BRDA:93,6,0,-
BRDA:93,6,1,-
DA:94,0
DA:97,0
DA:101,0
DA:102,0
DA:103,0
BRDA:103,7,0,-
BRDA:103,7,1,-
DA:104,0
DA:107,0
DA:108,0
DA:109,0
DA:110,0
DA:111,0
DA:112,0
DA:113,0
DA:118,0
DA:119,0
DA:120,0
DA:121,0
DA:122,0
DA:123,0
DA:125,0
DA:127,0
DA:128,0
FNF:1
FNH:0
LF:62
LH:0
BRF:16
BRH:0
end_of_record
TN:
SF:test/AntseedStaking.t.sol
DA:17,0
FN:17,MockChannelsForStaking.activeChannelCount
FNDA:0,MockChannelsForStaking.activeChannelCount
DA:18,0
DA:21,0
FN:21,MockChannelsForStaking.setActiveChannelCount
FNDA:0,MockChannelsForStaking.setActiveChannelCount
DA:22,0
DA:25,0
FN:25,MockChannelsForStaking.getAgentStats
FNDA:0,MockChannelsForStaking.getAgentStats
DA:26,0
DA:29,0
FN:29,MockChannelsForStaking.addGhosts
FNDA:0,MockChannelsForStaking.addGhosts
DA:30,0
DA:33,0
FN:33,MockChannelsForStaking.addChannels
FNDA:0,MockChannelsForStaking.addChannels
DA:34,0
DA:35,0
DA:36,0
FNF:5
FNH:0
LF:12
LH:0
BRF:0
BRH:0
end_of_record
